<?xml version="1.0" encoding="UTF-8"?>
<!-- Generated by org.testng.reporters.JUnitReportReporter -->
<testsuite hostname="IN-5CG3236GGC" failures="0" tests="2" name="com.operative.test.Products.DummyProduct" time="10.790" errors="0" timestamp="2024-12-09T21:41:44 IST" skipped="0">
  <testcase classname="com.operative.test.Products.DummyProduct" name="SearchPublish" time="5.504"/>
  <system-out>
    <![CDATA[ZAP report saved: C:\project_perf\SecurityTesting\zap-reports\SearchPublish-zap-report.html
ZAP report attached to Extent Report: C:\project_perf\SecurityTesting\zap-reports\SearchPublish-zap-report.html]]>
  </system-out>
  <testcase classname="com.operative.test.Products.DummyProduct" name="Sort" time="5.286"/>
  <system-out>
    <![CDATA[ZAP report saved: C:\project_perf\SecurityTesting\zap-reports\Sort-zap-report.html
ZAP report attached to Extent Report: C:\project_perf\SecurityTesting\zap-reports\Sort-zap-report.html]]>
  </system-out>
</testsuite> <!-- com.operative.test.Products.DummyProduct -->
