<?xml version="1.0" encoding="UTF-8"?>
<!-- Generated by org.testng.reporters.JUnitReportReporter -->
<testsuite hostname="IN-5CG3236GGC" failures="0" tests="1" name="com.raft.test.TC_01_Searching_Shirt" time="0.626" errors="0" timestamp="2024-09-12T22:06:18 IST" skipped="0">
  <testcase classname="com.raft.test.TC_01_Searching_Shirt" name="TC_01" time="0.626"/>
  <system-out/>
</testsuite> <!-- com.raft.test.TC_01_Searching_Shirt -->
